Using pre-set license
Built from '2020.2/release' branch; Version is '2020.2.2f1 (068178b99f32) revision 426360'; Using compiler version '192528614'; Build Type 'Release'
OS: 'Windows 10 Pro; OS build 19042.508; Version 2009; 64bit' Language: 'en' Physical Memory: 16349 MB
BatchMode: 1, IsHumanControllingUs: 0, StartBugReporterOnCrash: 0, Is64bit: 1, IsPro: 0

 COMMAND LINE ARGUMENTS:
D:\Unity\2020.2.2f1\Editor\Unity.exe
-adb2
-batchMode
-noUpm
-name
AssetImportWorker0
-projectPath
D:/Unity/Projects/Endless Runner
-logFile
Logs/AssetImportWorker0.log
-srvPort
58511
Successfully changed project path to: D:/Unity/Projects/Endless Runner
D:/Unity/Projects/Endless Runner
Using Asset Import Pipeline V2.
Refreshing native plugins compatible for Editor in 48.65 ms, found 1 plugins.
Preloading 0 native plugins for Editor in 0.00 ms.
Initialize engine version: 2020.2.2f1 (068178b99f32)
[Subsystems] Discovering subsystems at path D:/Unity/2020.2.2f1/Editor/Data/Resources/UnitySubsystems
[Subsystems] Discovering subsystems at path D:/Unity/Projects/Endless Runner/Assets
GfxDevice: creating device client; threaded=0
Direct3D:
    Version:  Direct3D 11.0 [level 11.1]
    Renderer: AMD Radeon RX 5600 XT (ID=0x731f)
    Vendor:   
    VRAM:     6103 MB
    Driver:   27.20.15003.1004
Initialize mono
Mono path[0] = 'D:/Unity/2020.2.2f1/Editor/Data/Managed'
Mono path[1] = 'D:/Unity/2020.2.2f1/Editor/Data/MonoBleedingEdge/lib/mono/unityjit'
Mono config path = 'D:/Unity/2020.2.2f1/Editor/Data/MonoBleedingEdge/etc'
Using monoOptions --debugger-agent=transport=dt_socket,embedding=1,server=y,suspend=n,address=127.0.0.1:56192
Begin MonoManager ReloadAssembly
Registering precompiled unity dll's ...
Register platform support module: D:/Unity/2020.2.2f1/Editor/Data/PlaybackEngines/WindowsStandaloneSupport/UnityEditor.WindowsStandalone.Extensions.dll
Registered in 0.001684 seconds.
Native extension for WindowsStandalone target not found
Refreshing native plugins compatible for Editor in 42.28 ms, found 1 plugins.
Preloading 0 native plugins for Editor in 0.00 ms.
Invoked RoslynAnalysisRunner static constructor.
RoslynAnalysisRunner will not be running.
RoslynAnalysisRunner has terminated.
Mono: successfully reloaded assembly
- Completed reload, in  1.456 seconds
Platform modules already initialized, skipping
Registering precompiled user dll's ...
Registered in 0.001325 seconds.
Begin MonoManager ReloadAssembly
Native extension for WindowsStandalone target not found
Refreshing native plugins compatible for Editor in 47.19 ms, found 1 plugins.
Preloading 0 native plugins for Editor in 0.00 ms.
Invoked RoslynAnalysisRunner static constructor.
RoslynAnalysisRunner will not be running.
RoslynAnalysisRunner has terminated.
Mono: successfully reloaded assembly
- Completed reload, in  1.297 seconds
Platform modules already initialized, skipping
========================================================================
Worker process is ready to serve import requests
Launched and connected shader compiler UnityShaderCompiler.exe after 0.05 seconds
Refreshing native plugins compatible for Editor in 0.42 ms, found 1 plugins.
Preloading 0 native plugins for Editor in 0.00 ms.
Unloading 1798 Unused Serialized files (Serialized files now loaded: 0)
System memory in use before: 84.4 MB.
System memory in use after: 84.4 MB.

Unloading 24 unused Assets to reduce memory usage. Loaded Objects now: 2240.
Total: 2.921800 ms (FindLiveObjects: 0.466500 ms CreateObjectMapping: 0.203100 ms MarkObjects: 2.101500 ms  DeleteObjects: 0.149300 ms)

========================================================================
Received Import Request.
  path: Assets/Scripts/ScoreData.cs
  artifactKey: Guid(cdd0d4ea0b5aef04fbaa0e17de6ad1cb) Importer(815301076,1909f56bfc062723c751e8b465ee728b)
Start importing Assets/Scripts/ScoreData.cs using Guid(cdd0d4ea0b5aef04fbaa0e17de6ad1cb) Importer(815301076,1909f56bfc062723c751e8b465ee728b)  -> (artifact id: '6f128c877c5563f3d5582201f611a0b1') in 0.068375 seconds
  Import took 0.072685 seconds .

========================================================================
Received Prepare
Registering precompiled user dll's ...
Registered in 0.000841 seconds.
Begin MonoManager ReloadAssembly
Native extension for WindowsStandalone target not found
Refreshing native plugins compatible for Editor in 0.71 ms, found 1 plugins.
Preloading 0 native plugins for Editor in 0.00 ms.
Invoked RoslynAnalysisRunner static constructor.
RoslynAnalysisRunner will not be running.
RoslynAnalysisRunner has terminated.
Mono: successfully reloaded assembly
- Completed reload, in  1.150 seconds
Platform modules already initialized, skipping
Refreshing native plugins compatible for Editor in 0.44 ms, found 1 plugins.
Preloading 0 native plugins for Editor in 0.00 ms.
Unloading 1793 Unused Serialized files (Serialized files now loaded: 0)
System memory in use before: 84.5 MB.
System memory in use after: 84.5 MB.

Unloading 12 unused Assets to reduce memory usage. Loaded Objects now: 2243.
Total: 3.369500 ms (FindLiveObjects: 0.452700 ms CreateObjectMapping: 0.226700 ms MarkObjects: 2.559700 ms  DeleteObjects: 0.127800 ms)

========================================================================
Received Import Request.
  Time since last request: 69.586153 seconds.
  path: Assets/Scripts/ScoreData.cs
  artifactKey: Guid(cdd0d4ea0b5aef04fbaa0e17de6ad1cb) Importer(815301076,1909f56bfc062723c751e8b465ee728b)
Start importing Assets/Scripts/ScoreData.cs using Guid(cdd0d4ea0b5aef04fbaa0e17de6ad1cb) Importer(815301076,1909f56bfc062723c751e8b465ee728b)  -> (artifact id: '5a3d9592c3cc157741326e371b03010d') in 0.006208 seconds
  Import took 0.011080 seconds .

========================================================================
Received Import Request.
  Time since last request: 5.800129 seconds.
  path: Assets/Scripts/ScoreController.cs
  artifactKey: Guid(161b44fd1933f3a41a9325af4485ba92) Importer(815301076,1909f56bfc062723c751e8b465ee728b)
Start importing Assets/Scripts/ScoreController.cs using Guid(161b44fd1933f3a41a9325af4485ba92) Importer(815301076,1909f56bfc062723c751e8b465ee728b)  -> (artifact id: 'caea2c9a16eaa834bdf2e6f662ac5ea8') in 0.020599 seconds
  Import took 0.026154 seconds .

========================================================================
Received Prepare
Registering precompiled user dll's ...
Registered in 0.001009 seconds.
Begin MonoManager ReloadAssembly
Native extension for WindowsStandalone target not found
Refreshing native plugins compatible for Editor in 0.82 ms, found 1 plugins.
Preloading 0 native plugins for Editor in 0.00 ms.
Invoked RoslynAnalysisRunner static constructor.
RoslynAnalysisRunner will not be running.
RoslynAnalysisRunner has terminated.
Mono: successfully reloaded assembly
- Completed reload, in  1.222 seconds
Platform modules already initialized, skipping
Refreshing native plugins compatible for Editor in 0.39 ms, found 1 plugins.
Preloading 0 native plugins for Editor in 0.00 ms.
Unloading 1794 Unused Serialized files (Serialized files now loaded: 0)
System memory in use before: 84.6 MB.
System memory in use after: 84.6 MB.

Unloading 12 unused Assets to reduce memory usage. Loaded Objects now: 2247.
Total: 4.228400 ms (FindLiveObjects: 0.507200 ms CreateObjectMapping: 0.189400 ms MarkObjects: 3.342700 ms  DeleteObjects: 0.186500 ms)

========================================================================
Received Prepare
Registering precompiled user dll's ...
Registered in 0.001343 seconds.
Begin MonoManager ReloadAssembly
Native extension for WindowsStandalone target not found
Refreshing native plugins compatible for Editor in 0.65 ms, found 1 plugins.
Preloading 0 native plugins for Editor in 0.00 ms.
Invoked RoslynAnalysisRunner static constructor.
RoslynAnalysisRunner will not be running.
RoslynAnalysisRunner has terminated.
Mono: successfully reloaded assembly
- Completed reload, in  1.079 seconds
Platform modules already initialized, skipping
Refreshing native plugins compatible for Editor in 0.49 ms, found 1 plugins.
Preloading 0 native plugins for Editor in 0.00 ms.
Unloading 1794 Unused Serialized files (Serialized files now loaded: 0)
System memory in use before: 84.7 MB.
System memory in use after: 84.7 MB.

Unloading 12 unused Assets to reduce memory usage. Loaded Objects now: 2250.
Total: 2.510000 ms (FindLiveObjects: 0.385100 ms CreateObjectMapping: 0.200100 ms MarkObjects: 1.796100 ms  DeleteObjects: 0.127200 ms)

========================================================================
Received Import Request.
  Time since last request: 262.690440 seconds.
  path: Assets/Scripts/UIScoreController.cs
  artifactKey: Guid(83ea062cdddc9f3419204a674c39c81d) Importer(815301076,1909f56bfc062723c751e8b465ee728b)
Start importing Assets/Scripts/UIScoreController.cs using Guid(83ea062cdddc9f3419204a674c39c81d) Importer(815301076,1909f56bfc062723c751e8b465ee728b)  -> (artifact id: 'b0e11c4ccba7cbd5309ff1c1a9749b57') in 0.023024 seconds
  Import took 0.028140 seconds .

========================================================================
Received Prepare
Registering precompiled user dll's ...
Registered in 0.001430 seconds.
Begin MonoManager ReloadAssembly
Native extension for WindowsStandalone target not found
Refreshing native plugins compatible for Editor in 0.71 ms, found 1 plugins.
Preloading 0 native plugins for Editor in 0.00 ms.
Invoked RoslynAnalysisRunner static constructor.
RoslynAnalysisRunner will not be running.
RoslynAnalysisRunner has terminated.
Mono: successfully reloaded assembly
- Completed reload, in  1.253 seconds
Platform modules already initialized, skipping
Refreshing native plugins compatible for Editor in 0.43 ms, found 1 plugins.
Preloading 0 native plugins for Editor in 0.00 ms.
Unloading 1795 Unused Serialized files (Serialized files now loaded: 0)
System memory in use before: 84.8 MB.
System memory in use after: 84.8 MB.

Unloading 12 unused Assets to reduce memory usage. Loaded Objects now: 2254.
Total: 5.727500 ms (FindLiveObjects: 0.533300 ms CreateObjectMapping: 0.237300 ms MarkObjects: 4.696900 ms  DeleteObjects: 0.257800 ms)

========================================================================
Received Prepare
Registering precompiled user dll's ...
Registered in 0.000959 seconds.
Begin MonoManager ReloadAssembly
Native extension for WindowsStandalone target not found
Refreshing native plugins compatible for Editor in 0.43 ms, found 1 plugins.
Preloading 0 native plugins for Editor in 0.00 ms.
Invoked RoslynAnalysisRunner static constructor.
RoslynAnalysisRunner will not be running.
RoslynAnalysisRunner has terminated.
Mono: successfully reloaded assembly
- Completed reload, in  1.247 seconds
Platform modules already initialized, skipping
Refreshing native plugins compatible for Editor in 0.46 ms, found 1 plugins.
Preloading 0 native plugins for Editor in 0.00 ms.
Unloading 1795 Unused Serialized files (Serialized files now loaded: 0)
System memory in use before: 84.9 MB.
System memory in use after: 84.9 MB.

Unloading 12 unused Assets to reduce memory usage. Loaded Objects now: 2257.
Total: 3.579900 ms (FindLiveObjects: 0.422700 ms CreateObjectMapping: 0.213900 ms MarkObjects: 2.750300 ms  DeleteObjects: 0.190400 ms)

========================================================================
Received Import Request.
  Time since last request: 2486.149451 seconds.
  path: Assets/Scripts/ScoreController.cs
  artifactKey: Guid(161b44fd1933f3a41a9325af4485ba92) Importer(815301076,1909f56bfc062723c751e8b465ee728b)
Start importing Assets/Scripts/ScoreController.cs using Guid(161b44fd1933f3a41a9325af4485ba92) Importer(815301076,1909f56bfc062723c751e8b465ee728b)  -> (artifact id: '88e5d74d39f49020102dcf436ee7f89f') in 0.007063 seconds
  Import took 0.012256 seconds .

========================================================================
Received Prepare
Registering precompiled user dll's ...
Registered in 0.000857 seconds.
Begin MonoManager ReloadAssembly
Native extension for WindowsStandalone target not found
Refreshing native plugins compatible for Editor in 0.44 ms, found 1 plugins.
Preloading 0 native plugins for Editor in 0.00 ms.
Invoked RoslynAnalysisRunner static constructor.
RoslynAnalysisRunner will not be running.
RoslynAnalysisRunner has terminated.
Mono: successfully reloaded assembly
- Completed reload, in  1.139 seconds
Platform modules already initialized, skipping
Refreshing native plugins compatible for Editor in 0.44 ms, found 1 plugins.
Preloading 0 native plugins for Editor in 0.00 ms.
Unloading 1795 Unused Serialized files (Serialized files now loaded: 0)
System memory in use before: 85.0 MB.
System memory in use after: 85.0 MB.

Unloading 12 unused Assets to reduce memory usage. Loaded Objects now: 2260.
Total: 2.601600 ms (FindLiveObjects: 0.263700 ms CreateObjectMapping: 0.157200 ms MarkObjects: 2.049300 ms  DeleteObjects: 0.129900 ms)

========================================================================
Received Prepare
Registering precompiled user dll's ...
Registered in 0.001341 seconds.
Begin MonoManager ReloadAssembly
Native extension for WindowsStandalone target not found
Refreshing native plugins compatible for Editor in 0.78 ms, found 1 plugins.
Preloading 0 native plugins for Editor in 0.00 ms.
Invoked RoslynAnalysisRunner static constructor.
RoslynAnalysisRunner will not be running.
RoslynAnalysisRunner has terminated.
Mono: successfully reloaded assembly
- Completed reload, in  1.107 seconds
Platform modules already initialized, skipping
Refreshing native plugins compatible for Editor in 0.39 ms, found 1 plugins.
Preloading 0 native plugins for Editor in 0.00 ms.
Unloading 1795 Unused Serialized files (Serialized files now loaded: 0)
System memory in use before: 85.1 MB.
System memory in use after: 85.1 MB.

Unloading 12 unused Assets to reduce memory usage. Loaded Objects now: 2263.
Total: 3.003400 ms (FindLiveObjects: 0.473300 ms CreateObjectMapping: 0.263800 ms MarkObjects: 2.132600 ms  DeleteObjects: 0.132100 ms)

========================================================================
Received Prepare
Registering precompiled user dll's ...
Registered in 0.000953 seconds.
Begin MonoManager ReloadAssembly
Native extension for WindowsStandalone target not found
Refreshing native plugins compatible for Editor in 0.41 ms, found 1 plugins.
Preloading 0 native plugins for Editor in 0.00 ms.
Invoked RoslynAnalysisRunner static constructor.
RoslynAnalysisRunner will not be running.
RoslynAnalysisRunner has terminated.
Mono: successfully reloaded assembly
- Completed reload, in  1.222 seconds
Platform modules already initialized, skipping
Refreshing native plugins compatible for Editor in 0.69 ms, found 1 plugins.
Preloading 0 native plugins for Editor in 0.00 ms.
Unloading 1795 Unused Serialized files (Serialized files now loaded: 0)
System memory in use before: 85.2 MB.
System memory in use after: 85.1 MB.

Unloading 12 unused Assets to reduce memory usage. Loaded Objects now: 2266.
Total: 4.056900 ms (FindLiveObjects: 0.474900 ms CreateObjectMapping: 0.188300 ms MarkObjects: 3.200000 ms  DeleteObjects: 0.191500 ms)

========================================================================
Received Prepare
Registering precompiled user dll's ...
Registered in 0.000857 seconds.
Begin MonoManager ReloadAssembly
Native extension for WindowsStandalone target not found
Refreshing native plugins compatible for Editor in 0.71 ms, found 1 plugins.
Preloading 0 native plugins for Editor in 0.00 ms.
Invoked RoslynAnalysisRunner static constructor.
RoslynAnalysisRunner will not be running.
RoslynAnalysisRunner has terminated.
Mono: successfully reloaded assembly
- Completed reload, in  1.214 seconds
Platform modules already initialized, skipping
Refreshing native plugins compatible for Editor in 1.00 ms, found 1 plugins.
Preloading 0 native plugins for Editor in 0.00 ms.
Unloading 1795 Unused Serialized files (Serialized files now loaded: 0)
System memory in use before: 85.2 MB.
System memory in use after: 85.2 MB.

Unloading 12 unused Assets to reduce memory usage. Loaded Objects now: 2269.
Total: 3.586300 ms (FindLiveObjects: 0.427100 ms CreateObjectMapping: 0.177400 ms MarkObjects: 2.759000 ms  DeleteObjects: 0.220200 ms)

========================================================================
Received Import Request.
  Time since last request: 1266.597450 seconds.
  path: Assets/Scripts/UIGameOverController.cs
  artifactKey: Guid(0cea70849b2dc824ca978b2d9082cc13) Importer(815301076,1909f56bfc062723c751e8b465ee728b)
Start importing Assets/Scripts/UIGameOverController.cs using Guid(0cea70849b2dc824ca978b2d9082cc13) Importer(815301076,1909f56bfc062723c751e8b465ee728b)  -> (artifact id: '6b684af670dee41ae26accaecfa61616') in 0.024513 seconds
  Import took 0.029994 seconds .

========================================================================
Received Prepare
Registering precompiled user dll's ...
Registered in 0.000788 seconds.
Begin MonoManager ReloadAssembly
Native extension for WindowsStandalone target not found
Refreshing native plugins compatible for Editor in 0.49 ms, found 1 plugins.
Preloading 0 native plugins for Editor in 0.00 ms.
Invoked RoslynAnalysisRunner static constructor.
RoslynAnalysisRunner will not be running.
RoslynAnalysisRunner has terminated.
Mono: successfully reloaded assembly
- Completed reload, in  1.316 seconds
Platform modules already initialized, skipping
Refreshing native plugins compatible for Editor in 0.42 ms, found 1 plugins.
Preloading 0 native plugins for Editor in 0.00 ms.
Unloading 1796 Unused Serialized files (Serialized files now loaded: 0)
System memory in use before: 85.3 MB.
System memory in use after: 85.3 MB.

Unloading 12 unused Assets to reduce memory usage. Loaded Objects now: 2273.
Total: 2.858200 ms (FindLiveObjects: 0.413400 ms CreateObjectMapping: 0.185500 ms MarkObjects: 2.123300 ms  DeleteObjects: 0.133900 ms)

========================================================================
Received Prepare
Registering precompiled user dll's ...
Registered in 0.001412 seconds.
Begin MonoManager ReloadAssembly
Native extension for WindowsStandalone target not found
Refreshing native plugins compatible for Editor in 0.41 ms, found 1 plugins.
Preloading 0 native plugins for Editor in 0.00 ms.
Invoked RoslynAnalysisRunner static constructor.
RoslynAnalysisRunner will not be running.
RoslynAnalysisRunner has terminated.
Mono: successfully reloaded assembly
- Completed reload, in  1.157 seconds
Platform modules already initialized, skipping
Refreshing native plugins compatible for Editor in 0.39 ms, found 1 plugins.
Preloading 0 native plugins for Editor in 0.00 ms.
Unloading 1796 Unused Serialized files (Serialized files now loaded: 0)
System memory in use before: 85.4 MB.
System memory in use after: 85.4 MB.

Unloading 12 unused Assets to reduce memory usage. Loaded Objects now: 2276.
Total: 2.793000 ms (FindLiveObjects: 0.279600 ms CreateObjectMapping: 0.160100 ms MarkObjects: 2.222400 ms  DeleteObjects: 0.129600 ms)

========================================================================
Received Import Request.
  Time since last request: 321.261395 seconds.
  path: Assets/Scripts/UIGameOverController.cs
  artifactKey: Guid(0cea70849b2dc824ca978b2d9082cc13) Importer(815301076,1909f56bfc062723c751e8b465ee728b)
Start importing Assets/Scripts/UIGameOverController.cs using Guid(0cea70849b2dc824ca978b2d9082cc13) Importer(815301076,1909f56bfc062723c751e8b465ee728b)  -> (artifact id: '5fb3d6aad73112623339b4ee7a64c565') in 0.005958 seconds
  Import took 0.010306 seconds .

========================================================================
Received Import Request.
  Time since last request: 296.040726 seconds.
  path: Assets/Sprites/Animations/uiGameOver.anim
  artifactKey: Guid(43729461e07ded340a3e4e48730df8d0) Importer(815301076,1909f56bfc062723c751e8b465ee728b)
Start importing Assets/Sprites/Animations/uiGameOver.anim using Guid(43729461e07ded340a3e4e48730df8d0) Importer(815301076,1909f56bfc062723c751e8b465ee728b)  -> (artifact id: '48cb86f95778244e5cdc09d900782965') in 0.039766 seconds
  Import took 0.044308 seconds .

========================================================================
Received Import Request.
  Time since last request: 148.335930 seconds.
  path: Assets/Sprites/Animations/New Animator Controller.controller
  artifactKey: Guid(e779ed1902f4f914aa90f87806f651c7) Importer(815301076,1909f56bfc062723c751e8b465ee728b)
Start importing Assets/Sprites/Animations/New Animator Controller.controller using Guid(e779ed1902f4f914aa90f87806f651c7) Importer(815301076,1909f56bfc062723c751e8b465ee728b)  -> (artifact id: '6c65efa71720f387c89ef60232d82ebf') in 0.027964 seconds
  Import took 0.033331 seconds .

========================================================================
Received Import Request.
  Time since last request: 3.535301 seconds.
  path: Assets/Sprites/Animations/Game Over Panel.controller
  artifactKey: Guid(decd0437e673eac4baebcce6e2f7501a) Importer(815301076,1909f56bfc062723c751e8b465ee728b)
Start importing Assets/Sprites/Animations/Game Over Panel.controller using Guid(decd0437e673eac4baebcce6e2f7501a) Importer(815301076,1909f56bfc062723c751e8b465ee728b)  -> (artifact id: '67bf11edc11eb38d8b1929d154edb0ca') in 0.021463 seconds
  Import took 0.026910 seconds .

========================================================================
Received Import Request.
  Time since last request: 0.000320 seconds.
  path: Assets/Sprites/Animations/Game Over Panel.controller
  artifactKey: Guid(decd0437e673eac4baebcce6e2f7501a) Importer(815301076,1909f56bfc062723c751e8b465ee728b)
Start importing Assets/Sprites/Animations/Game Over Panel.controller using Guid(decd0437e673eac4baebcce6e2f7501a) Importer(815301076,1909f56bfc062723c751e8b465ee728b)  -> (artifact id: '67bf11edc11eb38d8b1929d154edb0ca') in 0.003183 seconds
  Import took 0.007768 seconds .

========================================================================
Received Import Request.
  Time since last request: 888.638501 seconds.
  path: Assets/Sprites/Animations/uiGameOverLoop.anim
  artifactKey: Guid(60698c206fd0b36478970b18b99c6f73) Importer(815301076,1909f56bfc062723c751e8b465ee728b)
Start importing Assets/Sprites/Animations/uiGameOverLoop.anim using Guid(60698c206fd0b36478970b18b99c6f73) Importer(815301076,1909f56bfc062723c751e8b465ee728b)  -> (artifact id: '14e62ae630b48e6ffa42774de1d2e4da') in 0.019984 seconds
  Import took 0.025874 seconds .

========================================================================
Received Import Request.
  Time since last request: 215.216736 seconds.
  path: Assets/Sprites/Animations/uiGameOverLoop.anim
  artifactKey: Guid(60698c206fd0b36478970b18b99c6f73) Importer(815301076,1909f56bfc062723c751e8b465ee728b)
Start importing Assets/Sprites/Animations/uiGameOverLoop.anim using Guid(60698c206fd0b36478970b18b99c6f73) Importer(815301076,1909f56bfc062723c751e8b465ee728b)  -> (artifact id: '75caeb7c1dce32eebab4592b0f168389') in 0.003831 seconds
  Import took 0.008417 seconds .

========================================================================
Received Import Request.
  Time since last request: 0.586472 seconds.
  path: Assets/Sprites/Animations/uiGameOver.anim
  artifactKey: Guid(43729461e07ded340a3e4e48730df8d0) Importer(815301076,1909f56bfc062723c751e8b465ee728b)
Start importing Assets/Sprites/Animations/uiGameOver.anim using Guid(43729461e07ded340a3e4e48730df8d0) Importer(815301076,1909f56bfc062723c751e8b465ee728b)  -> (artifact id: 'ed5a94d6b9429a2ac2abb09e937c24cf') in 0.019419 seconds
  Import took 0.024833 seconds .

========================================================================
Received Prepare
Registering precompiled user dll's ...
Registered in 0.062267 seconds.
Begin MonoManager ReloadAssembly
Native extension for WindowsStandalone target not found
Refreshing native plugins compatible for Editor in 0.47 ms, found 1 plugins.
Preloading 0 native plugins for Editor in 0.00 ms.
Invoked RoslynAnalysisRunner static constructor.
RoslynAnalysisRunner will not be running.
RoslynAnalysisRunner has terminated.
Mono: successfully reloaded assembly
- Completed reload, in  1.111 seconds
Platform modules already initialized, skipping
Refreshing native plugins compatible for Editor in 0.43 ms, found 1 plugins.
Preloading 0 native plugins for Editor in 0.00 ms.
Unloading 1796 Unused Serialized files (Serialized files now loaded: 0)
System memory in use before: 85.5 MB.
System memory in use after: 85.5 MB.

Unloading 12 unused Assets to reduce memory usage. Loaded Objects now: 2279.
Total: 2.825000 ms (FindLiveObjects: 0.286500 ms CreateObjectMapping: 0.176700 ms MarkObjects: 2.229900 ms  DeleteObjects: 0.130600 ms)

========================================================================
Received Prepare
Registering precompiled user dll's ...
Registered in 0.000860 seconds.
Begin MonoManager ReloadAssembly
Native extension for WindowsStandalone target not found
Refreshing native plugins compatible for Editor in 0.40 ms, found 1 plugins.
Preloading 0 native plugins for Editor in 0.00 ms.
Invoked RoslynAnalysisRunner static constructor.
RoslynAnalysisRunner will not be running.
RoslynAnalysisRunner has terminated.
Mono: successfully reloaded assembly
- Completed reload, in  1.083 seconds
Platform modules already initialized, skipping
Refreshing native plugins compatible for Editor in 0.39 ms, found 1 plugins.
Preloading 0 native plugins for Editor in 0.00 ms.
Unloading 1796 Unused Serialized files (Serialized files now loaded: 0)
System memory in use before: 85.5 MB.
System memory in use after: 85.5 MB.

Unloading 12 unused Assets to reduce memory usage. Loaded Objects now: 2282.
Total: 3.895800 ms (FindLiveObjects: 0.284900 ms CreateObjectMapping: 0.220700 ms MarkObjects: 3.216500 ms  DeleteObjects: 0.171500 ms)

========================================================================
Received Prepare
Registering precompiled user dll's ...
Registered in 0.000858 seconds.
Begin MonoManager ReloadAssembly
Native extension for WindowsStandalone target not found
Refreshing native plugins compatible for Editor in 0.95 ms, found 1 plugins.
Preloading 0 native plugins for Editor in 0.00 ms.
Invoked RoslynAnalysisRunner static constructor.
RoslynAnalysisRunner will not be running.
RoslynAnalysisRunner has terminated.
Mono: successfully reloaded assembly
- Completed reload, in  1.254 seconds
Platform modules already initialized, skipping
Refreshing native plugins compatible for Editor in 0.41 ms, found 1 plugins.
Preloading 0 native plugins for Editor in 0.00 ms.
Unloading 1796 Unused Serialized files (Serialized files now loaded: 0)
System memory in use before: 85.7 MB.
System memory in use after: 85.7 MB.

Unloading 12 unused Assets to reduce memory usage. Loaded Objects now: 2285.
Total: 4.732400 ms (FindLiveObjects: 0.496500 ms CreateObjectMapping: 0.242000 ms MarkObjects: 3.764400 ms  DeleteObjects: 0.227000 ms)

========================================================================
Received Prepare
Registering precompiled user dll's ...
Registered in 0.001383 seconds.
Begin MonoManager ReloadAssembly
Native extension for WindowsStandalone target not found
Refreshing native plugins compatible for Editor in 0.41 ms, found 1 plugins.
Preloading 0 native plugins for Editor in 0.00 ms.
Invoked RoslynAnalysisRunner static constructor.
RoslynAnalysisRunner will not be running.
RoslynAnalysisRunner has terminated.
Mono: successfully reloaded assembly
- Completed reload, in  1.020 seconds
Platform modules already initialized, skipping
Refreshing native plugins compatible for Editor in 0.72 ms, found 1 plugins.
Preloading 0 native plugins for Editor in 0.00 ms.
Unloading 1796 Unused Serialized files (Serialized files now loaded: 0)
System memory in use before: 85.8 MB.
System memory in use after: 85.8 MB.

Unloading 12 unused Assets to reduce memory usage. Loaded Objects now: 2288.
Total: 2.525400 ms (FindLiveObjects: 0.259700 ms CreateObjectMapping: 0.160400 ms MarkObjects: 1.988200 ms  DeleteObjects: 0.115200 ms)

========================================================================
Received Prepare
Registering precompiled user dll's ...
Registered in 0.001402 seconds.
Begin MonoManager ReloadAssembly
Native extension for WindowsStandalone target not found
Refreshing native plugins compatible for Editor in 0.96 ms, found 1 plugins.
Preloading 0 native plugins for Editor in 0.00 ms.
Invoked RoslynAnalysisRunner static constructor.
RoslynAnalysisRunner will not be running.
RoslynAnalysisRunner has terminated.
Mono: successfully reloaded assembly
- Completed reload, in  1.179 seconds
Platform modules already initialized, skipping
Refreshing native plugins compatible for Editor in 0.77 ms, found 1 plugins.
Preloading 0 native plugins for Editor in 0.00 ms.
Unloading 1796 Unused Serialized files (Serialized files now loaded: 0)
System memory in use before: 85.8 MB.
System memory in use after: 85.8 MB.

Unloading 12 unused Assets to reduce memory usage. Loaded Objects now: 2291.
Total: 2.706000 ms (FindLiveObjects: 0.288300 ms CreateObjectMapping: 0.203900 ms MarkObjects: 2.080600 ms  DeleteObjects: 0.131400 ms)

========================================================================
Received Prepare
Registering precompiled user dll's ...
Registered in 0.001472 seconds.
Begin MonoManager ReloadAssembly
Native extension for WindowsStandalone target not found
Refreshing native plugins compatible for Editor in 0.72 ms, found 1 plugins.
Preloading 0 native plugins for Editor in 0.00 ms.
Invoked RoslynAnalysisRunner static constructor.
RoslynAnalysisRunner will not be running.
RoslynAnalysisRunner has terminated.
Mono: successfully reloaded assembly
- Completed reload, in  1.177 seconds
Platform modules already initialized, skipping
Refreshing native plugins compatible for Editor in 0.41 ms, found 1 plugins.
Preloading 0 native plugins for Editor in 0.00 ms.
Unloading 1796 Unused Serialized files (Serialized files now loaded: 0)
System memory in use before: 85.9 MB.
System memory in use after: 85.9 MB.

Unloading 12 unused Assets to reduce memory usage. Loaded Objects now: 2294.
Total: 4.328200 ms (FindLiveObjects: 0.495700 ms CreateObjectMapping: 0.231500 ms MarkObjects: 3.416600 ms  DeleteObjects: 0.182100 ms)

========================================================================
Received Prepare
Registering precompiled user dll's ...
Registered in 0.001234 seconds.
Begin MonoManager ReloadAssembly
Native extension for WindowsStandalone target not found
Refreshing native plugins compatible for Editor in 1.46 ms, found 1 plugins.
Preloading 0 native plugins for Editor in 0.00 ms.
Invoked RoslynAnalysisRunner static constructor.
RoslynAnalysisRunner will not be running.
RoslynAnalysisRunner has terminated.
Mono: successfully reloaded assembly
- Completed reload, in  1.284 seconds
Platform modules already initialized, skipping
Refreshing native plugins compatible for Editor in 0.40 ms, found 1 plugins.
Preloading 0 native plugins for Editor in 0.00 ms.
Unloading 1796 Unused Serialized files (Serialized files now loaded: 0)
System memory in use before: 86.0 MB.
System memory in use after: 86.0 MB.

Unloading 12 unused Assets to reduce memory usage. Loaded Objects now: 2297.
Total: 3.026900 ms (FindLiveObjects: 0.507700 ms CreateObjectMapping: 0.274400 ms MarkObjects: 2.117200 ms  DeleteObjects: 0.125900 ms)

========================================================================
Received Import Request.
  Time since last request: 716.273751 seconds.
  path: Assets/Prefabs/Ground Template 1.prefab
  artifactKey: Guid(fe99234893055634683ff58b4fa9ba53) Importer(815301076,1909f56bfc062723c751e8b465ee728b)
Start importing Assets/Prefabs/Ground Template 1.prefab using Guid(fe99234893055634683ff58b4fa9ba53) Importer(815301076,1909f56bfc062723c751e8b465ee728b)  -> (artifact id: '4eee3085d245b819cd4f2f81aee949ae') in 0.141947 seconds
  Import took 0.148984 seconds .

========================================================================
Received Import Request.
  Time since last request: 1.667045 seconds.
  path: Assets/Prefabs/Ground Template 1.prefab
  artifactKey: Guid(fe99234893055634683ff58b4fa9ba53) Importer(815301076,1909f56bfc062723c751e8b465ee728b)
Start importing Assets/Prefabs/Ground Template 1.prefab using Guid(fe99234893055634683ff58b4fa9ba53) Importer(815301076,1909f56bfc062723c751e8b465ee728b)  -> (artifact id: '50ff2b7bd11b19c4dc1b5812805a987c') in 0.043105 seconds
  Import took 0.048500 seconds .

========================================================================
Received Import Request.
  Time since last request: 9.160906 seconds.
  path: Assets/Prefabs/Ground Template 2.prefab
  artifactKey: Guid(63f39820b3d6a8d4e84dc13cf65cd9dc) Importer(815301076,1909f56bfc062723c751e8b465ee728b)
Start importing Assets/Prefabs/Ground Template 2.prefab using Guid(63f39820b3d6a8d4e84dc13cf65cd9dc) Importer(815301076,1909f56bfc062723c751e8b465ee728b)  -> (artifact id: '08a5ebbdf30779bdab8f3b43bdac943c') in 0.031705 seconds
  Import took 0.037773 seconds .

========================================================================
Received Import Request.
  Time since last request: 0.553594 seconds.
  path: Assets/Prefabs/Ground Template 2.prefab
  artifactKey: Guid(63f39820b3d6a8d4e84dc13cf65cd9dc) Importer(815301076,1909f56bfc062723c751e8b465ee728b)
Start importing Assets/Prefabs/Ground Template 2.prefab using Guid(63f39820b3d6a8d4e84dc13cf65cd9dc) Importer(815301076,1909f56bfc062723c751e8b465ee728b)  -> (artifact id: '6e9a11aa9ddad4f43885d42b75bdd64a') in 0.030214 seconds
  Import took 0.035856 seconds .

========================================================================
Received Import Request.
  Time since last request: 1.607629 seconds.
  path: Assets/Prefabs/Ground Template 3.prefab
  artifactKey: Guid(2151a6796c7d23e4b95c1c9fefccf996) Importer(815301076,1909f56bfc062723c751e8b465ee728b)
Start importing Assets/Prefabs/Ground Template 3.prefab using Guid(2151a6796c7d23e4b95c1c9fefccf996) Importer(815301076,1909f56bfc062723c751e8b465ee728b)  -> (artifact id: '5b181cf6f2061bab4a63180f574162b2') in 0.029916 seconds
  Import took 0.034849 seconds .

========================================================================
Received Import Request.
  Time since last request: 0.347216 seconds.
  path: Assets/Prefabs/Ground Template 3.prefab
  artifactKey: Guid(2151a6796c7d23e4b95c1c9fefccf996) Importer(815301076,1909f56bfc062723c751e8b465ee728b)
Start importing Assets/Prefabs/Ground Template 3.prefab using Guid(2151a6796c7d23e4b95c1c9fefccf996) Importer(815301076,1909f56bfc062723c751e8b465ee728b)  -> (artifact id: '54ddbd8f5a38eee078b3c23363a52152') in 0.032219 seconds
  Import took 0.037567 seconds .

========================================================================
Received Prepare
Registering precompiled user dll's ...
Registered in 0.000860 seconds.
Begin MonoManager ReloadAssembly
Native extension for WindowsStandalone target not found
Refreshing native plugins compatible for Editor in 0.41 ms, found 1 plugins.
Preloading 0 native plugins for Editor in 0.00 ms.
Invoked RoslynAnalysisRunner static constructor.
RoslynAnalysisRunner will not be running.
RoslynAnalysisRunner has terminated.
Mono: successfully reloaded assembly
- Completed reload, in  1.104 seconds
Platform modules already initialized, skipping
Refreshing native plugins compatible for Editor in 0.49 ms, found 1 plugins.
Preloading 0 native plugins for Editor in 0.00 ms.
Unloading 1796 Unused Serialized files (Serialized files now loaded: 0)
System memory in use before: 89.2 MB.
System memory in use after: 89.2 MB.

Unloading 12 unused Assets to reduce memory usage. Loaded Objects now: 2307.
Total: 3.220700 ms (FindLiveObjects: 0.341900 ms CreateObjectMapping: 0.174300 ms MarkObjects: 2.569700 ms  DeleteObjects: 0.132500 ms)

========================================================================
Received Prepare
Registering precompiled user dll's ...
Registered in 0.001470 seconds.
Begin MonoManager ReloadAssembly
Native extension for WindowsStandalone target not found
Refreshing native plugins compatible for Editor in 0.40 ms, found 1 plugins.
Preloading 0 native plugins for Editor in 0.00 ms.
Invoked RoslynAnalysisRunner static constructor.
RoslynAnalysisRunner will not be running.
RoslynAnalysisRunner has terminated.
Mono: successfully reloaded assembly
- Completed reload, in  1.087 seconds
Platform modules already initialized, skipping
Refreshing native plugins compatible for Editor in 0.69 ms, found 1 plugins.
Preloading 0 native plugins for Editor in 0.00 ms.
Unloading 1796 Unused Serialized files (Serialized files now loaded: 0)
System memory in use before: 89.3 MB.
System memory in use after: 89.3 MB.

Unloading 12 unused Assets to reduce memory usage. Loaded Objects now: 2310.
Total: 3.182400 ms (FindLiveObjects: 0.487200 ms CreateObjectMapping: 0.311300 ms MarkObjects: 2.248200 ms  DeleteObjects: 0.133900 ms)

========================================================================
Received Prepare
Registering precompiled user dll's ...
Registered in 0.000892 seconds.
Begin MonoManager ReloadAssembly
Native extension for WindowsStandalone target not found
Refreshing native plugins compatible for Editor in 0.40 ms, found 1 plugins.
Preloading 0 native plugins for Editor in 0.00 ms.
Invoked RoslynAnalysisRunner static constructor.
RoslynAnalysisRunner will not be running.
RoslynAnalysisRunner has terminated.
Mono: successfully reloaded assembly
- Completed reload, in  1.149 seconds
Platform modules already initialized, skipping
Refreshing native plugins compatible for Editor in 0.44 ms, found 1 plugins.
Preloading 0 native plugins for Editor in 0.00 ms.
Unloading 1796 Unused Serialized files (Serialized files now loaded: 0)
System memory in use before: 89.4 MB.
System memory in use after: 89.4 MB.

Unloading 12 unused Assets to reduce memory usage. Loaded Objects now: 2313.
Total: 3.095000 ms (FindLiveObjects: 0.330300 ms CreateObjectMapping: 0.178800 ms MarkObjects: 2.441500 ms  DeleteObjects: 0.142800 ms)

========================================================================
Received Prepare
Registering precompiled user dll's ...
Registered in 0.000985 seconds.
Begin MonoManager ReloadAssembly
Native extension for WindowsStandalone target not found
Refreshing native plugins compatible for Editor in 0.61 ms, found 1 plugins.
Preloading 0 native plugins for Editor in 0.00 ms.
Invoked RoslynAnalysisRunner static constructor.
RoslynAnalysisRunner will not be running.
RoslynAnalysisRunner has terminated.
Mono: successfully reloaded assembly
- Completed reload, in  1.086 seconds
Platform modules already initialized, skipping
Refreshing native plugins compatible for Editor in 0.62 ms, found 1 plugins.
Preloading 0 native plugins for Editor in 0.00 ms.
Unloading 1796 Unused Serialized files (Serialized files now loaded: 0)
System memory in use before: 89.4 MB.
System memory in use after: 89.4 MB.

Unloading 12 unused Assets to reduce memory usage. Loaded Objects now: 2316.
Total: 3.204500 ms (FindLiveObjects: 0.336100 ms CreateObjectMapping: 0.191000 ms MarkObjects: 2.467300 ms  DeleteObjects: 0.207500 ms)

========================================================================
Received Prepare
Registering precompiled user dll's ...
Registered in 0.001242 seconds.
Begin MonoManager ReloadAssembly
Native extension for WindowsStandalone target not found
Refreshing native plugins compatible for Editor in 0.76 ms, found 1 plugins.
Preloading 0 native plugins for Editor in 0.00 ms.
Invoked RoslynAnalysisRunner static constructor.
RoslynAnalysisRunner will not be running.
RoslynAnalysisRunner has terminated.
Mono: successfully reloaded assembly
- Completed reload, in  1.164 seconds
Platform modules already initialized, skipping
Refreshing native plugins compatible for Editor in 0.79 ms, found 1 plugins.
Preloading 0 native plugins for Editor in 0.00 ms.
Unloading 1796 Unused Serialized files (Serialized files now loaded: 0)
System memory in use before: 89.5 MB.
System memory in use after: 89.5 MB.

Unloading 12 unused Assets to reduce memory usage. Loaded Objects now: 2319.
Total: 4.091900 ms (FindLiveObjects: 0.441500 ms CreateObjectMapping: 0.247000 ms MarkObjects: 3.227400 ms  DeleteObjects: 0.173300 ms)

========================================================================
Received Prepare
Registering precompiled user dll's ...
Registered in 0.000920 seconds.
Begin MonoManager ReloadAssembly
Native extension for WindowsStandalone target not found
Refreshing native plugins compatible for Editor in 0.75 ms, found 1 plugins.
Preloading 0 native plugins for Editor in 0.00 ms.
Invoked RoslynAnalysisRunner static constructor.
RoslynAnalysisRunner will not be running.
RoslynAnalysisRunner has terminated.
Mono: successfully reloaded assembly
- Completed reload, in  1.085 seconds
Platform modules already initialized, skipping
Refreshing native plugins compatible for Editor in 0.47 ms, found 1 plugins.
Preloading 0 native plugins for Editor in 0.00 ms.
Unloading 1796 Unused Serialized files (Serialized files now loaded: 0)
System memory in use before: 89.6 MB.
System memory in use after: 89.6 MB.

Unloading 12 unused Assets to reduce memory usage. Loaded Objects now: 2322.
Total: 2.689000 ms (FindLiveObjects: 0.332300 ms CreateObjectMapping: 0.167800 ms MarkObjects: 2.060300 ms  DeleteObjects: 0.125900 ms)

========================================================================
Received Prepare
Registering precompiled user dll's ...
Registered in 0.001371 seconds.
Begin MonoManager ReloadAssembly
Native extension for WindowsStandalone target not found
Refreshing native plugins compatible for Editor in 0.73 ms, found 1 plugins.
Preloading 0 native plugins for Editor in 0.00 ms.
Invoked RoslynAnalysisRunner static constructor.
RoslynAnalysisRunner will not be running.
RoslynAnalysisRunner has terminated.
Mono: successfully reloaded assembly
- Completed reload, in  1.140 seconds
Platform modules already initialized, skipping
Refreshing native plugins compatible for Editor in 0.91 ms, found 1 plugins.
Preloading 0 native plugins for Editor in 0.00 ms.
Unloading 1796 Unused Serialized files (Serialized files now loaded: 0)
System memory in use before: 89.7 MB.
System memory in use after: 89.7 MB.

Unloading 12 unused Assets to reduce memory usage. Loaded Objects now: 2325.
Total: 3.135200 ms (FindLiveObjects: 0.473600 ms CreateObjectMapping: 0.210100 ms MarkObjects: 2.308000 ms  DeleteObjects: 0.141000 ms)

========================================================================
Received Prepare
Registering precompiled user dll's ...
Registered in 0.000869 seconds.
Begin MonoManager ReloadAssembly
Native extension for WindowsStandalone target not found
Refreshing native plugins compatible for Editor in 0.43 ms, found 1 plugins.
Preloading 0 native plugins for Editor in 0.00 ms.
Invoked RoslynAnalysisRunner static constructor.
RoslynAnalysisRunner will not be running.
RoslynAnalysisRunner has terminated.
Mono: successfully reloaded assembly
- Completed reload, in  1.060 seconds
Platform modules already initialized, skipping
Refreshing native plugins compatible for Editor in 0.76 ms, found 1 plugins.
Preloading 0 native plugins for Editor in 0.00 ms.
Unloading 1796 Unused Serialized files (Serialized files now loaded: 0)
System memory in use before: 89.8 MB.
System memory in use after: 89.8 MB.

Unloading 12 unused Assets to reduce memory usage. Loaded Objects now: 2328.
Total: 4.167500 ms (FindLiveObjects: 0.490300 ms CreateObjectMapping: 0.236500 ms MarkObjects: 3.247800 ms  DeleteObjects: 0.190100 ms)

========================================================================
Received Prepare
Registering precompiled user dll's ...
Registered in 0.001014 seconds.
Begin MonoManager ReloadAssembly
Native extension for WindowsStandalone target not found
Refreshing native plugins compatible for Editor in 0.41 ms, found 1 plugins.
Preloading 0 native plugins for Editor in 0.00 ms.
Invoked RoslynAnalysisRunner static constructor.
RoslynAnalysisRunner will not be running.
RoslynAnalysisRunner has terminated.
Mono: successfully reloaded assembly
- Completed reload, in  1.140 seconds
Platform modules already initialized, skipping
Refreshing native plugins compatible for Editor in 0.75 ms, found 1 plugins.
Preloading 0 native plugins for Editor in 0.00 ms.
Unloading 1796 Unused Serialized files (Serialized files now loaded: 0)
System memory in use before: 88.9 MB.
System memory in use after: 88.9 MB.

Unloading 12 unused Assets to reduce memory usage. Loaded Objects now: 2331.
Total: 2.773500 ms (FindLiveObjects: 0.365400 ms CreateObjectMapping: 0.172700 ms MarkObjects: 2.080500 ms  DeleteObjects: 0.152600 ms)

========================================================================
Received Prepare
Registering precompiled user dll's ...
Registered in 0.001470 seconds.
Begin MonoManager ReloadAssembly
Native extension for WindowsStandalone target not found
Refreshing native plugins compatible for Editor in 0.83 ms, found 1 plugins.
Preloading 0 native plugins for Editor in 0.00 ms.
Invoked RoslynAnalysisRunner static constructor.
RoslynAnalysisRunner will not be running.
RoslynAnalysisRunner has terminated.
Mono: successfully reloaded assembly
- Completed reload, in  1.315 seconds
Platform modules already initialized, skipping
Refreshing native plugins compatible for Editor in 0.48 ms, found 1 plugins.
Preloading 0 native plugins for Editor in 0.00 ms.
Unloading 1796 Unused Serialized files (Serialized files now loaded: 0)
System memory in use before: 88.9 MB.
System memory in use after: 88.9 MB.

Unloading 12 unused Assets to reduce memory usage. Loaded Objects now: 2334.
Total: 3.511100 ms (FindLiveObjects: 0.467600 ms CreateObjectMapping: 0.238700 ms MarkObjects: 2.648900 ms  DeleteObjects: 0.153400 ms)

========================================================================
Received Prepare
Registering precompiled user dll's ...
Registered in 0.001532 seconds.
Begin MonoManager ReloadAssembly
Native extension for WindowsStandalone target not found
Refreshing native plugins compatible for Editor in 0.40 ms, found 1 plugins.
Preloading 0 native plugins for Editor in 0.00 ms.
Invoked RoslynAnalysisRunner static constructor.
RoslynAnalysisRunner will not be running.
RoslynAnalysisRunner has terminated.
Mono: successfully reloaded assembly
- Completed reload, in  1.064 seconds
Platform modules already initialized, skipping
Refreshing native plugins compatible for Editor in 0.40 ms, found 1 plugins.
Preloading 0 native plugins for Editor in 0.00 ms.
Unloading 1796 Unused Serialized files (Serialized files now loaded: 0)
System memory in use before: 89.0 MB.
System memory in use after: 89.0 MB.

Unloading 12 unused Assets to reduce memory usage. Loaded Objects now: 2337.
Total: 2.502500 ms (FindLiveObjects: 0.309300 ms CreateObjectMapping: 0.089800 ms MarkObjects: 1.970000 ms  DeleteObjects: 0.131800 ms)

========================================================================
Received Prepare
Registering precompiled user dll's ...
Registered in 0.000861 seconds.
Begin MonoManager ReloadAssembly
Native extension for WindowsStandalone target not found
Refreshing native plugins compatible for Editor in 0.41 ms, found 1 plugins.
Preloading 0 native plugins for Editor in 0.00 ms.
Invoked RoslynAnalysisRunner static constructor.
RoslynAnalysisRunner will not be running.
RoslynAnalysisRunner has terminated.
Mono: successfully reloaded assembly
- Completed reload, in  1.091 seconds
Platform modules already initialized, skipping
Refreshing native plugins compatible for Editor in 0.40 ms, found 1 plugins.
Preloading 0 native plugins for Editor in 0.00 ms.
Unloading 1796 Unused Serialized files (Serialized files now loaded: 0)
System memory in use before: 89.1 MB.
System memory in use after: 89.1 MB.

Unloading 12 unused Assets to reduce memory usage. Loaded Objects now: 2340.
Total: 3.094800 ms (FindLiveObjects: 0.495600 ms CreateObjectMapping: 0.249800 ms MarkObjects: 2.208000 ms  DeleteObjects: 0.139400 ms)

========================================================================
Received Prepare
Registering precompiled user dll's ...
Registered in 0.001370 seconds.
Begin MonoManager ReloadAssembly
Native extension for WindowsStandalone target not found
Refreshing native plugins compatible for Editor in 0.59 ms, found 1 plugins.
Preloading 0 native plugins for Editor in 0.00 ms.
Invoked RoslynAnalysisRunner static constructor.
RoslynAnalysisRunner will not be running.
RoslynAnalysisRunner has terminated.
Mono: successfully reloaded assembly
- Completed reload, in  1.139 seconds
Platform modules already initialized, skipping
Refreshing native plugins compatible for Editor in 0.38 ms, found 1 plugins.
Preloading 0 native plugins for Editor in 0.00 ms.
Unloading 1796 Unused Serialized files (Serialized files now loaded: 0)
System memory in use before: 89.2 MB.
System memory in use after: 89.2 MB.

Unloading 12 unused Assets to reduce memory usage. Loaded Objects now: 2343.
Total: 2.952800 ms (FindLiveObjects: 0.377500 ms CreateObjectMapping: 0.184800 ms MarkObjects: 2.258600 ms  DeleteObjects: 0.130000 ms)

========================================================================
Received Import Request.
  Time since last request: 423.994607 seconds.
  path: Assets/Prefabs/Ground Template 2.prefab
  artifactKey: Guid(63f39820b3d6a8d4e84dc13cf65cd9dc) Importer(815301076,1909f56bfc062723c751e8b465ee728b)
Start importing Assets/Prefabs/Ground Template 2.prefab using Guid(63f39820b3d6a8d4e84dc13cf65cd9dc) Importer(815301076,1909f56bfc062723c751e8b465ee728b)  -> (artifact id: 'ca072dcfa71499975e8760654275f6ff') in 0.075057 seconds
  Import took 0.080213 seconds .

========================================================================
Received Import Request.
  Time since last request: 1.396250 seconds.
  path: Assets/Prefabs/Ground Template 2.prefab
  artifactKey: Guid(63f39820b3d6a8d4e84dc13cf65cd9dc) Importer(815301076,1909f56bfc062723c751e8b465ee728b)
Start importing Assets/Prefabs/Ground Template 2.prefab using Guid(63f39820b3d6a8d4e84dc13cf65cd9dc) Importer(815301076,1909f56bfc062723c751e8b465ee728b)  -> (artifact id: '87b8592b4b0d285058015665bcea3628') in 0.013195 seconds
  Import took 0.018808 seconds .

========================================================================
Received Import Request.
  Time since last request: 7.481637 seconds.
  path: Assets/Prefabs/Ground Template 2.prefab
  artifactKey: Guid(63f39820b3d6a8d4e84dc13cf65cd9dc) Importer(815301076,1909f56bfc062723c751e8b465ee728b)
Start importing Assets/Prefabs/Ground Template 2.prefab using Guid(63f39820b3d6a8d4e84dc13cf65cd9dc) Importer(815301076,1909f56bfc062723c751e8b465ee728b)  -> (artifact id: '6e3bd247f4a2e30707e4dd92d47e5ed3') in 0.028463 seconds
  Import took 0.033238 seconds .

========================================================================
Received Import Request.
  Time since last request: 13.126688 seconds.
  path: Assets/Prefabs/Ground Template 2.prefab
  artifactKey: Guid(63f39820b3d6a8d4e84dc13cf65cd9dc) Importer(815301076,1909f56bfc062723c751e8b465ee728b)
Start importing Assets/Prefabs/Ground Template 2.prefab using Guid(63f39820b3d6a8d4e84dc13cf65cd9dc) Importer(815301076,1909f56bfc062723c751e8b465ee728b)  -> (artifact id: '0cb31bb451f251d023d4830c1ecfe9eb') in 0.027401 seconds
  Import took 0.033813 seconds .

========================================================================
Received Import Request.
  Time since last request: 16.393900 seconds.
  path: Assets/Prefabs/Ground Template 2.prefab
  artifactKey: Guid(63f39820b3d6a8d4e84dc13cf65cd9dc) Importer(815301076,1909f56bfc062723c751e8b465ee728b)
Start importing Assets/Prefabs/Ground Template 2.prefab using Guid(63f39820b3d6a8d4e84dc13cf65cd9dc) Importer(815301076,1909f56bfc062723c751e8b465ee728b)  -> (artifact id: '61c315ff4e79c797a15286a0efe9f52b') in 0.031372 seconds
  Import took 0.037698 seconds .

========================================================================
Received Import Request.
  Time since last request: 6.297969 seconds.
  path: Assets/Prefabs/Ground Template 3.prefab
  artifactKey: Guid(2151a6796c7d23e4b95c1c9fefccf996) Importer(815301076,1909f56bfc062723c751e8b465ee728b)
Start importing Assets/Prefabs/Ground Template 3.prefab using Guid(2151a6796c7d23e4b95c1c9fefccf996) Importer(815301076,1909f56bfc062723c751e8b465ee728b)  -> (artifact id: 'd91ce2670ee95a4183faf6fe239664a3') in 0.012056 seconds
  Import took 0.018019 seconds .

========================================================================
Received Import Request.
  Time since last request: 6.436208 seconds.
  path: Assets/Prefabs/Ground Template 3.prefab
  artifactKey: Guid(2151a6796c7d23e4b95c1c9fefccf996) Importer(815301076,1909f56bfc062723c751e8b465ee728b)
Start importing Assets/Prefabs/Ground Template 3.prefab using Guid(2151a6796c7d23e4b95c1c9fefccf996) Importer(815301076,1909f56bfc062723c751e8b465ee728b)  -> (artifact id: '122a963ac630fa5045b1fa01cd841b91') in 0.034277 seconds
  Import took 0.039102 seconds .

========================================================================
Received Import Request.
  Time since last request: 3.216695 seconds.
  path: Assets/Prefabs/Ground Template 3.prefab
  artifactKey: Guid(2151a6796c7d23e4b95c1c9fefccf996) Importer(815301076,1909f56bfc062723c751e8b465ee728b)
Start importing Assets/Prefabs/Ground Template 3.prefab using Guid(2151a6796c7d23e4b95c1c9fefccf996) Importer(815301076,1909f56bfc062723c751e8b465ee728b)  -> (artifact id: 'b583b78a9b90b3bfde836d29a827d880') in 0.045209 seconds
  Import took 0.051514 seconds .

========================================================================
Received Import Request.
  Time since last request: 3.594435 seconds.
  path: Assets/Prefabs/Ground Template 3.prefab
  artifactKey: Guid(2151a6796c7d23e4b95c1c9fefccf996) Importer(815301076,1909f56bfc062723c751e8b465ee728b)
Start importing Assets/Prefabs/Ground Template 3.prefab using Guid(2151a6796c7d23e4b95c1c9fefccf996) Importer(815301076,1909f56bfc062723c751e8b465ee728b)  -> (artifact id: 'ceaccdce30278e080f6693fa5b3b74bb') in 0.036928 seconds
  Import took 0.043151 seconds .

========================================================================
Received Prepare
Registering precompiled user dll's ...
Registered in 0.001137 seconds.
Begin MonoManager ReloadAssembly
Native extension for WindowsStandalone target not found
Refreshing native plugins compatible for Editor in 0.83 ms, found 1 plugins.
Preloading 0 native plugins for Editor in 0.00 ms.
Invoked RoslynAnalysisRunner static constructor.
RoslynAnalysisRunner will not be running.
RoslynAnalysisRunner has terminated.
Mono: successfully reloaded assembly
- Completed reload, in  1.188 seconds
Platform modules already initialized, skipping
Refreshing native plugins compatible for Editor in 0.80 ms, found 1 plugins.
Preloading 0 native plugins for Editor in 0.00 ms.
Unloading 1796 Unused Serialized files (Serialized files now loaded: 0)
System memory in use before: 89.3 MB.
System memory in use after: 89.3 MB.

Unloading 12 unused Assets to reduce memory usage. Loaded Objects now: 2347.
Total: 2.985400 ms (FindLiveObjects: 0.412900 ms CreateObjectMapping: 0.210000 ms MarkObjects: 2.203200 ms  DeleteObjects: 0.157200 ms)

========================================================================
Received Prepare
Registering precompiled user dll's ...
Registered in 0.000855 seconds.
Begin MonoManager ReloadAssembly
Native extension for WindowsStandalone target not found
Refreshing native plugins compatible for Editor in 0.42 ms, found 1 plugins.
Preloading 0 native plugins for Editor in 0.00 ms.
Invoked RoslynAnalysisRunner static constructor.
RoslynAnalysisRunner will not be running.
RoslynAnalysisRunner has terminated.
Mono: successfully reloaded assembly
- Completed reload, in  1.048 seconds
Platform modules already initialized, skipping
Refreshing native plugins compatible for Editor in 0.50 ms, found 1 plugins.
Preloading 0 native plugins for Editor in 0.00 ms.
Unloading 1796 Unused Serialized files (Serialized files now loaded: 0)
System memory in use before: 89.4 MB.
System memory in use after: 89.4 MB.

Unloading 12 unused Assets to reduce memory usage. Loaded Objects now: 2350.
Total: 2.508400 ms (FindLiveObjects: 0.455500 ms CreateObjectMapping: 0.140700 ms MarkObjects: 1.789900 ms  DeleteObjects: 0.120900 ms)

========================================================================
Received Prepare
Registering precompiled user dll's ...
Registered in 0.000914 seconds.
Begin MonoManager ReloadAssembly
Native extension for WindowsStandalone target not found
Refreshing native plugins compatible for Editor in 0.69 ms, found 1 plugins.
Preloading 0 native plugins for Editor in 0.00 ms.
Invoked RoslynAnalysisRunner static constructor.
RoslynAnalysisRunner will not be running.
RoslynAnalysisRunner has terminated.
Mono: successfully reloaded assembly
- Completed reload, in  1.081 seconds
Platform modules already initialized, skipping
Refreshing native plugins compatible for Editor in 0.38 ms, found 1 plugins.
Preloading 0 native plugins for Editor in 0.00 ms.
Unloading 1796 Unused Serialized files (Serialized files now loaded: 0)
System memory in use before: 89.5 MB.
System memory in use after: 89.5 MB.

Unloading 12 unused Assets to reduce memory usage. Loaded Objects now: 2353.
Total: 3.254000 ms (FindLiveObjects: 0.568300 ms CreateObjectMapping: 0.210500 ms MarkObjects: 2.331000 ms  DeleteObjects: 0.142200 ms)

========================================================================
Received Prepare
Registering precompiled user dll's ...
Registered in 0.000844 seconds.
Begin MonoManager ReloadAssembly
Native extension for WindowsStandalone target not found
Refreshing native plugins compatible for Editor in 0.75 ms, found 1 plugins.
Preloading 0 native plugins for Editor in 0.00 ms.
Invoked RoslynAnalysisRunner static constructor.
RoslynAnalysisRunner will not be running.
RoslynAnalysisRunner has terminated.
Mono: successfully reloaded assembly
- Completed reload, in  1.295 seconds
Platform modules already initialized, skipping
Refreshing native plugins compatible for Editor in 0.72 ms, found 1 plugins.
Preloading 0 native plugins for Editor in 0.00 ms.
Unloading 1796 Unused Serialized files (Serialized files now loaded: 0)
System memory in use before: 89.5 MB.
System memory in use after: 89.5 MB.

Unloading 12 unused Assets to reduce memory usage. Loaded Objects now: 2356.
Total: 2.826100 ms (FindLiveObjects: 0.278900 ms CreateObjectMapping: 0.159700 ms MarkObjects: 2.232100 ms  DeleteObjects: 0.153600 ms)

========================================================================
Received Prepare
Refreshing native plugins compatible for Editor in 1.40 ms, found 1 plugins.
Preloading 0 native plugins for Editor in 0.00 ms.
Unloading 10 Unused Serialized files (Serialized files now loaded: 0)
System memory in use before: 54.3 MB.
System memory in use after: 54.3 MB.

Unloading 10 unused Assets to reduce memory usage. Loaded Objects now: 2356.
Total: 2.602100 ms (FindLiveObjects: 0.277100 ms CreateObjectMapping: 0.159100 ms MarkObjects: 2.042800 ms  DeleteObjects: 0.121900 ms)

AssetImportWorkerClient::OnTransportError - code=2 error=End of file
